Build started 8/24/2015 11:16:35 PM.
     1>Project "C:\Users\Ben\documents\visual studio 2015\Projects\D2Engine1\D2Engine1\D2Engine1.vcxproj" on node 2 (Rebuild target(s)).
     1>ClCompile:
         C:\Program Files (x86)\Microsoft Visual Studio 14.0\VC\bin\CL.exe /c /ZI /nologo /W3 /WX- /sdl /Od /Oy- /D WIN32 /D _DEBUG /D _WINDOWS /D _UNICODE /D UNICODE /Gm /EHsc /RTC1 /MDd /GS /fp:precise /Zc:wchar_t /Zc:forScope /Zc:inline /Fo"Debug\\" /Fd"Debug\vc140.pdb" /Gd /TP /analyze- /errorReport:prompt Collisions.cpp Direct3D10.cpp DirectWrite.cpp Game.cpp GrafixD2.cpp IceCaves.cpp Main.cpp MapTile.cpp Player.cpp Sprite.cpp SpriteSheetImage.cpp Texture.cpp TileMap.cpp
         TileMap.cpp
         Texture.cpp
     1>c:\users\ben\documents\visual studio 2015\projects\d2engine1\d2engine1\texture.cpp(57): warning C4244: 'argument': conversion from 'UINT' to 'float', possible loss of data
     1>c:\users\ben\documents\visual studio 2015\projects\d2engine1\d2engine1\texture.cpp(55): warning C4101: 'h': unreferenced local variable
     1>c:\users\ben\documents\visual studio 2015\projects\d2engine1\d2engine1\texture.cpp(55): warning C4101: 'w': unreferenced local variable
         SpriteSheetImage.cpp
         Sprite.cpp
         Player.cpp
         MapTile.cpp
         Main.cpp
         IceCaves.cpp
     1>c:\users\ben\documents\visual studio 2015\projects\d2engine1\d2engine1\icecaves.cpp(78): warning C4244: 'argument': conversion from 'UINT' to 'float', possible loss of data
         GrafixD2.cpp
         Game.cpp
         DirectWrite.cpp
         Direct3D10.cpp
         Collisions.cpp
         Generating Code...
       Link:
         C:\Program Files (x86)\Microsoft Visual Studio 14.0\VC\bin\link.exe /ERRORREPORT:PROMPT /OUT:"C:\Users\Ben\documents\visual studio 2015\Projects\D2Engine1\Debug\D2Engine1.exe" /INCREMENTAL /NOLOGO d2d1.lib kernel32.lib user32.lib gdi32.lib winspool.lib comdlg32.lib advapi32.lib shell32.lib ole32.lib oleaut32.lib uuid.lib odbc32.lib odbccp32.lib /MANIFEST /MANIFESTUAC:"level='asInvoker' uiAccess='false'" /manifest:embed /Debug /PDB:"C:\Users\Ben\documents\visual studio 2015\Projects\D2Engine1\Debug\D2Engine1.pdb" /SUBSYSTEM:WINDOWS /TLBID:1 /DYNAMICBASE /NXCOMPAT /IMPLIB:"C:\Users\Ben\documents\visual studio 2015\Projects\D2Engine1\Debug\D2Engine1.lib" /MACHINE:X86 Debug\Collisions.obj
         Debug\Direct3D10.obj
         Debug\DirectWrite.obj
         Debug\Game.obj
         Debug\GrafixD2.obj
         Debug\IceCaves.obj
         Debug\Main.obj
         Debug\MapTile.obj
         Debug\Player.obj
         Debug\Sprite.obj
         Debug\SpriteSheetImage.obj
         Debug\Texture.obj
         Debug\TileMap.obj
         D2Engine1.vcxproj -> C:\Users\Ben\documents\visual studio 2015\Projects\D2Engine1\Debug\D2Engine1.exe
     1>Done Building Project "C:\Users\Ben\documents\visual studio 2015\Projects\D2Engine1\D2Engine1\D2Engine1.vcxproj" (Rebuild target(s)).

Build succeeded.

Time Elapsed 00:00:19.92
