c:\users\ben\documents\visual studio 2015\projects\d2engine1\d2engine1\debug\vc140.pdb
c:\users\ben\documents\visual studio 2015\projects\d2engine1\d2engine1\debug\vc140.idb
c:\users\ben\documents\visual studio 2015\projects\d2engine1\d2engine1\debug\collisions.obj
c:\users\ben\documents\visual studio 2015\projects\d2engine1\d2engine1\debug\direct3d10.obj
c:\users\ben\documents\visual studio 2015\projects\d2engine1\d2engine1\debug\directwrite.obj
c:\users\ben\documents\visual studio 2015\projects\d2engine1\d2engine1\debug\game.obj
c:\users\ben\documents\visual studio 2015\projects\d2engine1\d2engine1\debug\grafixd2.obj
c:\users\ben\documents\visual studio 2015\projects\d2engine1\d2engine1\debug\icecaves.obj
c:\users\ben\documents\visual studio 2015\projects\d2engine1\d2engine1\debug\main.obj
c:\users\ben\documents\visual studio 2015\projects\d2engine1\d2engine1\debug\maptile.obj
c:\users\ben\documents\visual studio 2015\projects\d2engine1\d2engine1\debug\sprite.obj
c:\users\ben\documents\visual studio 2015\projects\d2engine1\d2engine1\debug\spritesheetimage.obj
c:\users\ben\documents\visual studio 2015\projects\d2engine1\d2engine1\debug\texture.obj
c:\users\ben\documents\visual studio 2015\projects\d2engine1\d2engine1\debug\tilemap.obj
c:\users\ben\documents\visual studio 2015\projects\d2engine1\debug\d2engine1.ilk
c:\users\ben\documents\visual studio 2015\projects\d2engine1\debug\d2engine1.exe
c:\users\ben\documents\visual studio 2015\projects\d2engine1\debug\d2engine1.pdb
c:\users\ben\documents\visual studio 2015\projects\d2engine1\d2engine1\debug\d2engine1.tlog\cl.command.1.tlog
c:\users\ben\documents\visual studio 2015\projects\d2engine1\d2engine1\debug\d2engine1.tlog\cl.read.1.tlog
c:\users\ben\documents\visual studio 2015\projects\d2engine1\d2engine1\debug\d2engine1.tlog\cl.write.1.tlog
c:\users\ben\documents\visual studio 2015\projects\d2engine1\d2engine1\debug\d2engine1.tlog\link.command.1.tlog
c:\users\ben\documents\visual studio 2015\projects\d2engine1\d2engine1\debug\d2engine1.tlog\link.read.1.tlog
c:\users\ben\documents\visual studio 2015\projects\d2engine1\d2engine1\debug\d2engine1.tlog\link.write.1.tlog
